2025-05-30 04:07:51,122 INFO: Incident Management System startup [in /app/app.py:30]
2025-05-30 04:08:16,927 INFO: Created incident: USR2025053097D5 [in /app/app.py:100]
2025-05-30 04:08:16,995 INFO: Created search area 1 for incident USR2025053097D5 [in /app/app.py:141]
2025-05-30 04:08:17,160 INFO: Created 131 divisions for incident USR2025053097D5 [in /app/app.py:241]
2025-05-30 04:08:17,503 INFO: Generated 3 QR codes for incident USR2025053097D5 [in /app/app.py:302]
2025-05-30 04:08:24,942 INFO: Created incident: USR2025053061FC [in /app/app.py:100]
2025-05-30 04:08:25,016 INFO: Created search area 2 for incident USR2025053061FC [in /app/app.py:141]
2025-05-30 04:08:25,200 INFO: Created 131 divisions for incident USR2025053061FC [in /app/app.py:241]
2025-05-30 04:08:25,555 INFO: Generated 3 QR codes for incident USR2025053061FC [in /app/app.py:302]
2025-05-30 04:08:59,691 INFO: Created incident: USR202505306160 [in /app/app.py:100]
2025-05-30 04:08:59,766 INFO: Created search area 3 for incident USR202505306160 [in /app/app.py:141]
2025-05-30 04:08:59,966 INFO: Created 131 divisions for incident USR202505306160 [in /app/app.py:241]
2025-05-30 04:09:00,615 INFO: Generated 3 QR codes for incident USR202505306160 [in /app/app.py:302]
2025-05-30 04:10:38,882 INFO: Created incident: USR20250530552E [in /app/app.py:100]
2025-05-30 04:10:38,920 INFO: Created search area 4 for incident USR20250530552E [in /app/app.py:141]
2025-05-30 04:10:39,358 ERROR: Failed to create divisions: TopologyException: side location conflict at -122.2736820360501 37.841405234146954. This can occur if the input geometry is invalid. [in /app/app.py:246]
2025-05-30 04:10:39,359 ERROR: Error creating incident: TopologyException: side location conflict at -122.2736820360501 37.841405234146954. This can occur if the input geometry is invalid. [in /app/app.py:368]
2025-05-30 04:10:46,719 INFO: Created incident: USR202505300A01 [in /app/app.py:100]
2025-05-30 04:10:46,759 INFO: Created search area 5 for incident USR202505300A01 [in /app/app.py:141]
2025-05-30 04:10:47,551 ERROR: Failed to create divisions: TopologyException: side location conflict at -122.15376103476832 37.827699549066551. This can occur if the input geometry is invalid. [in /app/app.py:246]
2025-05-30 04:10:47,552 ERROR: Error creating incident: TopologyException: side location conflict at -122.15376103476832 37.827699549066551. This can occur if the input geometry is invalid. [in /app/app.py:368]
2025-05-30 04:10:51,744 INFO: Created incident: USR20250530CDB0 [in /app/app.py:100]
2025-05-30 04:10:51,788 INFO: Created search area 6 for incident USR20250530CDB0 [in /app/app.py:141]
2025-05-30 04:10:58,159 INFO: Created 8618 divisions for incident USR20250530CDB0 [in /app/app.py:241]
2025-05-30 04:10:58,469 INFO: Generated 3 QR codes for incident USR20250530CDB0 [in /app/app.py:302]
2025-05-30 04:11:15,712 INFO: Created incident: USR202505304DC7 [in /app/app.py:100]
2025-05-30 04:11:15,749 INFO: Created search area 7 for incident USR202505304DC7 [in /app/app.py:141]
2025-05-30 04:11:22,561 INFO: Created 8618 divisions for incident USR202505304DC7 [in /app/app.py:241]
2025-05-30 04:11:22,878 INFO: Generated 3 QR codes for incident USR202505304DC7 [in /app/app.py:302]
